[debug] [2019-10-06T00:35:20.630Z] ----------------------------------------------------------------------
[debug] [2019-10-06T00:35:20.633Z] Command:       C:\Program Files\nodejs\node.exe C:\Users\xiyu_\AppData\Roaming\npm\node_modules\firebase-tools\lib\bin\firebase.js login
[debug] [2019-10-06T00:35:20.634Z] CLI Version:   7.4.0
[debug] [2019-10-06T00:35:20.634Z] Platform:      win32
[debug] [2019-10-06T00:35:20.634Z] Node Version:  v10.16.3
[debug] [2019-10-06T00:35:20.636Z] Time:          Sat Oct 05 2019 19:35:20 GMT-0500 (Central Daylight Time)
[debug] [2019-10-06T00:35:20.636Z] ----------------------------------------------------------------------
[debug] 
[info] i  Firebase optionally collects CLI usage and error reporting information to help improve our products. Data is collected in accordance with Google's privacy policy (https://policies.google.com/privacy) and is not used to identify you.

[info] i  To change your data collection preference at any time, run `firebase logout` and log in again.
[info] 
[info] Visit this URL on this device to log in:
[info] https://accounts.google.com/o/oauth2/auth?client_id=563584335869-fgrhgmd47bqnekij5i8b5pr03ho849e6.apps.googleusercontent.com&scope=email%20openid%20https%3A%2F%2Fwww.googleapis.com%2Fauth%2Fcloudplatformprojects.readonly%20https%3A%2F%2Fwww.googleapis.com%2Fauth%2Ffirebase%20https%3A%2F%2Fwww.googleapis.com%2Fauth%2Fcloud-platform&response_type=code&state=1041665702&redirect_uri=http%3A%2F%2Flocalhost%3A9005
[info] 
[info] Waiting for authentication...
[debug] [2019-10-06T00:35:22.239Z] Error: spawn cmd ENOENT
    at Process.ChildProcess._handle.onexit (internal/child_process.js:240:19)
    at onErrorNT (internal/child_process.js:415:16)
    at process._tickCallback (internal/process/next_tick.js:63:19)
[error] 
[error] Error: An unexpected error has occurred.
[debug] [2019-10-06T00:35:36.409Z] ----------------------------------------------------------------------
[debug] [2019-10-06T00:35:36.413Z] Command:       C:\Program Files\nodejs\node.exe C:\Users\xiyu_\AppData\Roaming\npm\node_modules\firebase-tools\lib\bin\firebase.js init
[debug] [2019-10-06T00:35:36.413Z] CLI Version:   7.4.0
[debug] [2019-10-06T00:35:36.413Z] Platform:      win32
[debug] [2019-10-06T00:35:36.414Z] Node Version:  v10.16.3
[debug] [2019-10-06T00:35:36.415Z] Time:          Sat Oct 05 2019 19:35:36 GMT-0500 (Central Daylight Time)
[debug] [2019-10-06T00:35:36.415Z] ----------------------------------------------------------------------
[debug] 
[debug] [2019-10-06T00:35:36.428Z] > command requires scopes: ["email","openid","https://www.googleapis.com/auth/cloudplatformprojects.readonly","https://www.googleapis.com/auth/firebase","https://www.googleapis.com/auth/cloud-platform"]
[debug] [2019-10-06T00:35:36.430Z] > attempting to authenticate via app default credentials
[debug] [2019-10-06T00:35:37.809Z] ya29.ImCUB10iCMSgL7L7TzCsHHoVeti6Td6swfVG8Qy1jwLTtAySJ2StzVavlXOWWrK8vguEFl5y9K9lx1x0PgUPqqZsj4BbUQ0MP_zGbCql2cjnQLdiIjWGeil5rfcV9-nJj14
[debug] [2019-10-06T00:35:37.809Z] > retrieved access token via default credentials
[info] 
     ######## #### ########  ######## ########     ###     ######  ########
     ##        ##  ##     ## ##       ##     ##  ##   ##  ##       ##
     ######    ##  ########  ######   ########  #########  ######  ######
     ##        ##  ##    ##  ##       ##     ## ##     ##       ## ##
     ##       #### ##     ## ######## ########  ##     ##  ######  ########

You're about to initialize a Firebase project in this directory:

  C:\Users\xiyu_\git\Google-Cloud-App

